<?xml version="1.0" encoding="UTF-8"?>
<testng-results skipped="0" failed="0" ignored="0" total="1" passed="1">
  <reporter-output>
  </reporter-output>
  <suite name="Surefire suite" duration-ms="16763" started-at="2022-04-06T21:25:16 CST" finished-at="2022-04-06T21:25:33 CST">
    <groups>
    </groups>
    <test name="Surefire test" duration-ms="16763" started-at="2022-04-06T21:25:16 CST" finished-at="2022-04-06T21:25:33 CST">
      <class name="runner.TestNG">
        <test-method status="PASS" signature="setUpTest()[pri:0, instance:runner.TestNG@1e7c7811]" name="setUpTest" is-config="true" duration-ms="3115" started-at="2022-04-06T21:25:16 CST" finished-at="2022-04-06T21:25:19 CST">
          <reporter-output>
          </reporter-output>
        </test-method> <!-- setUpTest -->
        <test-method status="PASS" signature="googleSearch()[pri:0, instance:runner.TestNG@1e7c7811]" name="googleSearch" duration-ms="12568" started-at="2022-04-06T21:25:19 CST" finished-at="2022-04-06T21:25:32 CST">
          <reporter-output>
          </reporter-output>
        </test-method> <!-- googleSearch -->
        <test-method status="PASS" signature="tearDown()[pri:0, instance:runner.TestNG@1e7c7811]" name="tearDown" is-config="true" duration-ms="1044" started-at="2022-04-06T21:25:32 CST" finished-at="2022-04-06T21:25:33 CST">
          <reporter-output>
          </reporter-output>
        </test-method> <!-- tearDown -->
      </class> <!-- runner.TestNG -->
    </test> <!-- Surefire test -->
  </suite> <!-- Surefire suite -->
</testng-results>
