<?xml version="1.0" encoding="UTF-8"?>
<testsuite xmlns:xsi="http://www.w3.org/2001/XMLSchema-instance" xsi:noNamespaceSchemaLocation="https://maven.apache.org/surefire/maven-surefire-plugin/xsd/surefire-test-report.xsd" name="runner.TestRunner" time="1.015" tests="3" errors="0" skipped="0" failures="0">
  <properties>
[...]
</properties>
  <testcase name="user can login successfully #1" classname="check login functionality" time="0.144"/>
  <testcase name="user can login successfully #2" classname="check login functionality" time="0.014"/>
  <testcase name="user can not login successfully" classname="check login failed" time="0.01"/>
</testsuite>